<?xml version="1.0" encoding="UTF-8"?>
<!-- Generated by org.testng.reporters.JUnitReportReporter -->
<testsuite hostname="DÃ¡vid" failures="0" tests="1" name="loginTest.FirstLoginTest" time="4.195" errors="0" timestamp="2025-03-03T11:15:39 CET" skipped="0">
  <testcase classname="loginTest.FirstLoginTest" name="testLogIn" time="4.195"/>
</testsuite> <!-- loginTest.FirstLoginTest -->
